c:\users\joel\desktop\graphicsengine-course-project\build\win32\debug\engine.pdb
c:\users\joel\desktop\graphicsengine-course-project\build\win32\debug\engine.idb
c:\users\joel\desktop\graphicsengine-course-project\build\win32\debug\androidwindow.obj
c:\users\joel\desktop\graphicsengine-course-project\build\win32\debug\camera2d.obj
c:\users\joel\desktop\graphicsengine-course-project\build\win32\debug\elapsedtimer.obj
c:\users\joel\desktop\graphicsengine-course-project\build\win32\debug\inputmanager.obj
c:\users\joel\desktop\graphicsengine-course-project\build\win32\debug\iomanager.obj
c:\users\joel\desktop\graphicsengine-course-project\build\win32\debug\object.obj
c:\users\joel\desktop\graphicsengine-course-project\build\win32\debug\resourcemanager.obj
c:\users\joel\desktop\graphicsengine-course-project\build\win32\debug\spritebatch.obj
c:\users\joel\desktop\graphicsengine-course-project\build\win32\debug\texturecache.obj
c:\users\joel\desktop\graphicsengine-course-project\build\win32\debug\graphicsapplication.obj
c:\users\joel\desktop\graphicsengine-course-project\build\win32\debug\graphicssystem.obj
c:\users\joel\desktop\graphicsengine-course-project\build\win32\debug\window.obj
c:\users\joel\desktop\graphicsengine-course-project\build\win32\debug\ogl.obj
c:\users\joel\desktop\graphicsengine-course-project\build\win32\debug\oglgraphicssystem.obj
c:\users\joel\desktop\graphicsengine-course-project\build\win32\debug\shader.obj
c:\users\joel\desktop\graphicsengine-course-project\build\win32\debug\imageloader.obj
c:\users\joel\desktop\graphicsengine-course-project\build\win32\debug\win32window.obj
c:\users\joel\desktop\graphicsengine-course-project\build\win32\debug\engine.lib
c:\users\joel\desktop\graphicsengine-course-project\build\win32\debug\engine.tlog\cl.command.1.tlog
c:\users\joel\desktop\graphicsengine-course-project\build\win32\debug\engine.tlog\cl.read.1.tlog
c:\users\joel\desktop\graphicsengine-course-project\build\win32\debug\engine.tlog\cl.write.1.tlog
c:\users\joel\desktop\graphicsengine-course-project\build\win32\debug\engine.tlog\lib-link.read.1.tlog
c:\users\joel\desktop\graphicsengine-course-project\build\win32\debug\engine.tlog\lib-link.write.1.tlog
c:\users\joel\desktop\graphicsengine-course-project\build\win32\debug\engine.tlog\lib.command.1.tlog
